STAR version=2.7.2a
STAR compilation time,server,dir=2020-05-11T15:51:00 CEST :/home/kathka/.cache/yay/star-seq-alignment/src/STAR-2.7.2a/source
##### Command Line:
star-seq-alignment --runMode genomeGenerate --genomeDir /home/kathka/.EncircleR/Genome/release-100/Homo_sapiens/STAR --genomeFastaFiles /home/kathka/.EncircleR/Genome/release-100/Homo_sapiens/fa/Homo_sapiens.GRCh38.dna.primary_assembly.fa --sjdbGTFfile /home/kathka/.EncircleR/Genome/release-100/Homo_sapiens/gtf/Homo_sapiens.GRCh38.100.gtf --sjdbOverhang 99 --runThreadN 7
##### Initial USER parameters from Command Line:
###### All USER parameters from Command Line:
runMode                       genomeGenerate     ~RE-DEFINED
genomeDir                     /home/kathka/.EncircleR/Genome/release-100/Homo_sapiens/STAR     ~RE-DEFINED
genomeFastaFiles              /home/kathka/.EncircleR/Genome/release-100/Homo_sapiens/fa/Homo_sapiens.GRCh38.dna.primary_assembly.fa        ~RE-DEFINED
sjdbGTFfile                   /home/kathka/.EncircleR/Genome/release-100/Homo_sapiens/gtf/Homo_sapiens.GRCh38.100.gtf     ~RE-DEFINED
sjdbOverhang                  99     ~RE-DEFINED
runThreadN                    7     ~RE-DEFINED
##### Finished reading parameters from all sources

##### Final user re-defined parameters-----------------:
runMode                           genomeGenerate
runThreadN                        7
genomeDir                         /home/kathka/.EncircleR/Genome/release-100/Homo_sapiens/STAR
genomeFastaFiles                  /home/kathka/.EncircleR/Genome/release-100/Homo_sapiens/fa/Homo_sapiens.GRCh38.dna.primary_assembly.fa   
sjdbGTFfile                       /home/kathka/.EncircleR/Genome/release-100/Homo_sapiens/gtf/Homo_sapiens.GRCh38.100.gtf
sjdbOverhang                      99

-------------------------------
##### Final effective command line:
star-seq-alignment   --runMode genomeGenerate   --runThreadN 7   --genomeDir /home/kathka/.EncircleR/Genome/release-100/Homo_sapiens/STAR   --genomeFastaFiles /home/kathka/.EncircleR/Genome/release-100/Homo_sapiens/fa/Homo_sapiens.GRCh38.dna.primary_assembly.fa      --sjdbGTFfile /home/kathka/.EncircleR/Genome/release-100/Homo_sapiens/gtf/Homo_sapiens.GRCh38.100.gtf   --sjdbOverhang 99
----------------------------------------

Finished loading and checking parameters
Sep 15 16:49:17 ... starting to generate Genome files
/home/kathka/.EncircleR/Genome/release-100/Homo_sapiens/fa/Homo_sapiens.GRCh38.dna.primary_assembly.fa : chr # 0  "1" chrStart: 0
/home/kathka/.EncircleR/Genome/release-100/Homo_sapiens/fa/Homo_sapiens.GRCh38.dna.primary_assembly.fa : chr # 1  "10" chrStart: 249036800
/home/kathka/.EncircleR/Genome/release-100/Homo_sapiens/fa/Homo_sapiens.GRCh38.dna.primary_assembly.fa : chr # 2  "11" chrStart: 382992384
/home/kathka/.EncircleR/Genome/release-100/Homo_sapiens/fa/Homo_sapiens.GRCh38.dna.primary_assembly.fa : chr # 3  "12" chrStart: 518258688
/home/kathka/.EncircleR/Genome/release-100/Homo_sapiens/fa/Homo_sapiens.GRCh38.dna.primary_assembly.fa : chr # 4  "13" chrStart: 651689984
/home/kathka/.EncircleR/Genome/release-100/Homo_sapiens/fa/Homo_sapiens.GRCh38.dna.primary_assembly.fa : chr # 5  "14" chrStart: 766246912
/home/kathka/.EncircleR/Genome/release-100/Homo_sapiens/fa/Homo_sapiens.GRCh38.dna.primary_assembly.fa : chr # 6  "15" chrStart: 873463808
/home/kathka/.EncircleR/Genome/release-100/Homo_sapiens/fa/Homo_sapiens.GRCh38.dna.primary_assembly.fa : chr # 7  "16" chrStart: 975699968
/home/kathka/.EncircleR/Genome/release-100/Homo_sapiens/fa/Homo_sapiens.GRCh38.dna.primary_assembly.fa : chr # 8  "17" chrStart: 1066139648
/home/kathka/.EncircleR/Genome/release-100/Homo_sapiens/fa/Homo_sapiens.GRCh38.dna.primary_assembly.fa : chr # 9  "18" chrStart: 1149501440
/home/kathka/.EncircleR/Genome/release-100/Homo_sapiens/fa/Homo_sapiens.GRCh38.dna.primary_assembly.fa : chr # 10  "19" chrStart: 1229979648
/home/kathka/.EncircleR/Genome/release-100/Homo_sapiens/fa/Homo_sapiens.GRCh38.dna.primary_assembly.fa : chr # 11  "2" chrStart: 1288699904
/home/kathka/.EncircleR/Genome/release-100/Homo_sapiens/fa/Homo_sapiens.GRCh38.dna.primary_assembly.fa : chr # 12  "20" chrStart: 1530920960
/home/kathka/.EncircleR/Genome/release-100/Homo_sapiens/fa/Homo_sapiens.GRCh38.dna.primary_assembly.fa : chr # 13  "21" chrStart: 1595408384
/home/kathka/.EncircleR/Genome/release-100/Homo_sapiens/fa/Homo_sapiens.GRCh38.dna.primary_assembly.fa : chr # 14  "22" chrStart: 1642332160
/home/kathka/.EncircleR/Genome/release-100/Homo_sapiens/fa/Homo_sapiens.GRCh38.dna.primary_assembly.fa : chr # 15  "3" chrStart: 1693188096
/home/kathka/.EncircleR/Genome/release-100/Homo_sapiens/fa/Homo_sapiens.GRCh38.dna.primary_assembly.fa : chr # 16  "4" chrStart: 1891631104
/home/kathka/.EncircleR/Genome/release-100/Homo_sapiens/fa/Homo_sapiens.GRCh38.dna.primary_assembly.fa : chr # 17  "5" chrStart: 2081947648
/home/kathka/.EncircleR/Genome/release-100/Homo_sapiens/fa/Homo_sapiens.GRCh38.dna.primary_assembly.fa : chr # 18  "6" chrStart: 2263613440
/home/kathka/.EncircleR/Genome/release-100/Homo_sapiens/fa/Homo_sapiens.GRCh38.dna.primary_assembly.fa : chr # 19  "7" chrStart: 2434531328
/home/kathka/.EncircleR/Genome/release-100/Homo_sapiens/fa/Homo_sapiens.GRCh38.dna.primary_assembly.fa : chr # 20  "8" chrStart: 2593914880
/home/kathka/.EncircleR/Genome/release-100/Homo_sapiens/fa/Homo_sapiens.GRCh38.dna.primary_assembly.fa : chr # 21  "9" chrStart: 2739142656
/home/kathka/.EncircleR/Genome/release-100/Homo_sapiens/fa/Homo_sapiens.GRCh38.dna.primary_assembly.fa : chr # 22  "MT" chrStart: 2877554688
/home/kathka/.EncircleR/Genome/release-100/Homo_sapiens/fa/Homo_sapiens.GRCh38.dna.primary_assembly.fa : chr # 23  "X" chrStart: 2877816832
/home/kathka/.EncircleR/Genome/release-100/Homo_sapiens/fa/Homo_sapiens.GRCh38.dna.primary_assembly.fa : chr # 24  "Y" chrStart: 3034054656
/home/kathka/.EncircleR/Genome/release-100/Homo_sapiens/fa/Homo_sapiens.GRCh38.dna.primary_assembly.fa : chr # 25  "KI270728.1" chrStart: 3091464192
/home/kathka/.EncircleR/Genome/release-100/Homo_sapiens/fa/Homo_sapiens.GRCh38.dna.primary_assembly.fa : chr # 26  "KI270727.1" chrStart: 3093561344
/home/kathka/.EncircleR/Genome/release-100/Homo_sapiens/fa/Homo_sapiens.GRCh38.dna.primary_assembly.fa : chr # 27  "KI270442.1" chrStart: 3094085632
/home/kathka/.EncircleR/Genome/release-100/Homo_sapiens/fa/Homo_sapiens.GRCh38.dna.primary_assembly.fa : chr # 28  "KI270729.1" chrStart: 3094609920
/home/kathka/.EncircleR/Genome/release-100/Homo_sapiens/fa/Homo_sapiens.GRCh38.dna.primary_assembly.fa : chr # 29  "GL000225.1" chrStart: 3095134208
/home/kathka/.EncircleR/Genome/release-100/Homo_sapiens/fa/Homo_sapiens.GRCh38.dna.primary_assembly.fa : chr # 30  "KI270743.1" chrStart: 3095396352
/home/kathka/.EncircleR/Genome/release-100/Homo_sapiens/fa/Homo_sapiens.GRCh38.dna.primary_assembly.fa : chr # 31  "GL000008.2" chrStart: 3095658496
/home/kathka/.EncircleR/Genome/release-100/Homo_sapiens/fa/Homo_sapiens.GRCh38.dna.primary_assembly.fa : chr # 32  "GL000009.2" chrStart: 3095920640
/home/kathka/.EncircleR/Genome/release-100/Homo_sapiens/fa/Homo_sapiens.GRCh38.dna.primary_assembly.fa : chr # 33  "KI270747.1" chrStart: 3096182784
/home/kathka/.EncircleR/Genome/release-100/Homo_sapiens/fa/Homo_sapiens.GRCh38.dna.primary_assembly.fa : chr # 34  "KI270722.1" chrStart: 3096444928
/home/kathka/.EncircleR/Genome/release-100/Homo_sapiens/fa/Homo_sapiens.GRCh38.dna.primary_assembly.fa : chr # 35  "GL000194.1" chrStart: 3096707072
/home/kathka/.EncircleR/Genome/release-100/Homo_sapiens/fa/Homo_sapiens.GRCh38.dna.primary_assembly.fa : chr # 36  "KI270742.1" chrStart: 3096969216
/home/kathka/.EncircleR/Genome/release-100/Homo_sapiens/fa/Homo_sapiens.GRCh38.dna.primary_assembly.fa : chr # 37  "GL000205.2" chrStart: 3097231360
/home/kathka/.EncircleR/Genome/release-100/Homo_sapiens/fa/Homo_sapiens.GRCh38.dna.primary_assembly.fa : chr # 38  "GL000195.1" chrStart: 3097493504
/home/kathka/.EncircleR/Genome/release-100/Homo_sapiens/fa/Homo_sapiens.GRCh38.dna.primary_assembly.fa : chr # 39  "KI270736.1" chrStart: 3097755648
/home/kathka/.EncircleR/Genome/release-100/Homo_sapiens/fa/Homo_sapiens.GRCh38.dna.primary_assembly.fa : chr # 40  "KI270733.1" chrStart: 3098017792
/home/kathka/.EncircleR/Genome/release-100/Homo_sapiens/fa/Homo_sapiens.GRCh38.dna.primary_assembly.fa : chr # 41  "GL000224.1" chrStart: 3098279936
/home/kathka/.EncircleR/Genome/release-100/Homo_sapiens/fa/Homo_sapiens.GRCh38.dna.primary_assembly.fa : chr # 42  "GL000219.1" chrStart: 3098542080
/home/kathka/.EncircleR/Genome/release-100/Homo_sapiens/fa/Homo_sapiens.GRCh38.dna.primary_assembly.fa : chr # 43  "KI270719.1" chrStart: 3098804224
/home/kathka/.EncircleR/Genome/release-100/Homo_sapiens/fa/Homo_sapiens.GRCh38.dna.primary_assembly.fa : chr # 44  "GL000216.2" chrStart: 3099066368
/home/kathka/.EncircleR/Genome/release-100/Homo_sapiens/fa/Homo_sapiens.GRCh38.dna.primary_assembly.fa : chr # 45  "KI270712.1" chrStart: 3099328512
/home/kathka/.EncircleR/Genome/release-100/Homo_sapiens/fa/Homo_sapiens.GRCh38.dna.primary_assembly.fa : chr # 46  "KI270706.1" chrStart: 3099590656
/home/kathka/.EncircleR/Genome/release-100/Homo_sapiens/fa/Homo_sapiens.GRCh38.dna.primary_assembly.fa : chr # 47  "KI270725.1" chrStart: 3099852800
/home/kathka/.EncircleR/Genome/release-100/Homo_sapiens/fa/Homo_sapiens.GRCh38.dna.primary_assembly.fa : chr # 48  "KI270744.1" chrStart: 3100114944
/home/kathka/.EncircleR/Genome/release-100/Homo_sapiens/fa/Homo_sapiens.GRCh38.dna.primary_assembly.fa : chr # 49  "KI270734.1" chrStart: 3100377088
/home/kathka/.EncircleR/Genome/release-100/Homo_sapiens/fa/Homo_sapiens.GRCh38.dna.primary_assembly.fa : chr # 50  "GL000213.1" chrStart: 3100639232
/home/kathka/.EncircleR/Genome/release-100/Homo_sapiens/fa/Homo_sapiens.GRCh38.dna.primary_assembly.fa : chr # 51  "GL000220.1" chrStart: 3100901376
/home/kathka/.EncircleR/Genome/release-100/Homo_sapiens/fa/Homo_sapiens.GRCh38.dna.primary_assembly.fa : chr # 52  "KI270715.1" chrStart: 3101163520
/home/kathka/.EncircleR/Genome/release-100/Homo_sapiens/fa/Homo_sapiens.GRCh38.dna.primary_assembly.fa : chr # 53  "GL000218.1" chrStart: 3101425664
/home/kathka/.EncircleR/Genome/release-100/Homo_sapiens/fa/Homo_sapiens.GRCh38.dna.primary_assembly.fa : chr # 54  "KI270749.1" chrStart: 3101687808
/home/kathka/.EncircleR/Genome/release-100/Homo_sapiens/fa/Homo_sapiens.GRCh38.dna.primary_assembly.fa : chr # 55  "KI270741.1" chrStart: 3101949952
/home/kathka/.EncircleR/Genome/release-100/Homo_sapiens/fa/Homo_sapiens.GRCh38.dna.primary_assembly.fa : chr # 56  "GL000221.1" chrStart: 3102212096
/home/kathka/.EncircleR/Genome/release-100/Homo_sapiens/fa/Homo_sapiens.GRCh38.dna.primary_assembly.fa : chr # 57  "KI270716.1" chrStart: 3102474240
/home/kathka/.EncircleR/Genome/release-100/Homo_sapiens/fa/Homo_sapiens.GRCh38.dna.primary_assembly.fa : chr # 58  "KI270731.1" chrStart: 3102736384
/home/kathka/.EncircleR/Genome/release-100/Homo_sapiens/fa/Homo_sapiens.GRCh38.dna.primary_assembly.fa : chr # 59  "KI270751.1" chrStart: 3102998528
/home/kathka/.EncircleR/Genome/release-100/Homo_sapiens/fa/Homo_sapiens.GRCh38.dna.primary_assembly.fa : chr # 60  "KI270750.1" chrStart: 3103260672
/home/kathka/.EncircleR/Genome/release-100/Homo_sapiens/fa/Homo_sapiens.GRCh38.dna.primary_assembly.fa : chr # 61  "KI270519.1" chrStart: 3103522816
/home/kathka/.EncircleR/Genome/release-100/Homo_sapiens/fa/Homo_sapiens.GRCh38.dna.primary_assembly.fa : chr # 62  "GL000214.1" chrStart: 3103784960
/home/kathka/.EncircleR/Genome/release-100/Homo_sapiens/fa/Homo_sapiens.GRCh38.dna.primary_assembly.fa : chr # 63  "KI270708.1" chrStart: 3104047104
/home/kathka/.EncircleR/Genome/release-100/Homo_sapiens/fa/Homo_sapiens.GRCh38.dna.primary_assembly.fa : chr # 64  "KI270730.1" chrStart: 3104309248
/home/kathka/.EncircleR/Genome/release-100/Homo_sapiens/fa/Homo_sapiens.GRCh38.dna.primary_assembly.fa : chr # 65  "KI270438.1" chrStart: 3104571392
/home/kathka/.EncircleR/Genome/release-100/Homo_sapiens/fa/Homo_sapiens.GRCh38.dna.primary_assembly.fa : chr # 66  "KI270737.1" chrStart: 3104833536
/home/kathka/.EncircleR/Genome/release-100/Homo_sapiens/fa/Homo_sapiens.GRCh38.dna.primary_assembly.fa : chr # 67  "KI270721.1" chrStart: 3105095680
/home/kathka/.EncircleR/Genome/release-100/Homo_sapiens/fa/Homo_sapiens.GRCh38.dna.primary_assembly.fa : chr # 68  "KI270738.1" chrStart: 3105357824
/home/kathka/.EncircleR/Genome/release-100/Homo_sapiens/fa/Homo_sapiens.GRCh38.dna.primary_assembly.fa : chr # 69  "KI270748.1" chrStart: 3105619968
/home/kathka/.EncircleR/Genome/release-100/Homo_sapiens/fa/Homo_sapiens.GRCh38.dna.primary_assembly.fa : chr # 70  "KI270435.1" chrStart: 3105882112
/home/kathka/.EncircleR/Genome/release-100/Homo_sapiens/fa/Homo_sapiens.GRCh38.dna.primary_assembly.fa : chr # 71  "GL000208.1" chrStart: 3106144256
/home/kathka/.EncircleR/Genome/release-100/Homo_sapiens/fa/Homo_sapiens.GRCh38.dna.primary_assembly.fa : chr # 72  "KI270538.1" chrStart: 3106406400
/home/kathka/.EncircleR/Genome/release-100/Homo_sapiens/fa/Homo_sapiens.GRCh38.dna.primary_assembly.fa : chr # 73  "KI270756.1" chrStart: 3106668544
/home/kathka/.EncircleR/Genome/release-100/Homo_sapiens/fa/Homo_sapiens.GRCh38.dna.primary_assembly.fa : chr # 74  "KI270739.1" chrStart: 3106930688
/home/kathka/.EncircleR/Genome/release-100/Homo_sapiens/fa/Homo_sapiens.GRCh38.dna.primary_assembly.fa : chr # 75  "KI270757.1" chrStart: 3107192832
/home/kathka/.EncircleR/Genome/release-100/Homo_sapiens/fa/Homo_sapiens.GRCh38.dna.primary_assembly.fa : chr # 76  "KI270709.1" chrStart: 3107454976
/home/kathka/.EncircleR/Genome/release-100/Homo_sapiens/fa/Homo_sapiens.GRCh38.dna.primary_assembly.fa : chr # 77  "KI270746.1" chrStart: 3107717120
/home/kathka/.EncircleR/Genome/release-100/Homo_sapiens/fa/Homo_sapiens.GRCh38.dna.primary_assembly.fa : chr # 78  "KI270753.1" chrStart: 3107979264
/home/kathka/.EncircleR/Genome/release-100/Homo_sapiens/fa/Homo_sapiens.GRCh38.dna.primary_assembly.fa : chr # 79  "KI270589.1" chrStart: 3108241408
/home/kathka/.EncircleR/Genome/release-100/Homo_sapiens/fa/Homo_sapiens.GRCh38.dna.primary_assembly.fa : chr # 80  "KI270726.1" chrStart: 3108503552
/home/kathka/.EncircleR/Genome/release-100/Homo_sapiens/fa/Homo_sapiens.GRCh38.dna.primary_assembly.fa : chr # 81  "KI270735.1" chrStart: 3108765696
/home/kathka/.EncircleR/Genome/release-100/Homo_sapiens/fa/Homo_sapiens.GRCh38.dna.primary_assembly.fa : chr # 82  "KI270711.1" chrStart: 3109027840
/home/kathka/.EncircleR/Genome/release-100/Homo_sapiens/fa/Homo_sapiens.GRCh38.dna.primary_assembly.fa : chr # 83  "KI270745.1" chrStart: 3109289984
/home/kathka/.EncircleR/Genome/release-100/Homo_sapiens/fa/Homo_sapiens.GRCh38.dna.primary_assembly.fa : chr # 84  "KI270714.1" chrStart: 3109552128
/home/kathka/.EncircleR/Genome/release-100/Homo_sapiens/fa/Homo_sapiens.GRCh38.dna.primary_assembly.fa : chr # 85  "KI270732.1" chrStart: 3109814272
/home/kathka/.EncircleR/Genome/release-100/Homo_sapiens/fa/Homo_sapiens.GRCh38.dna.primary_assembly.fa : chr # 86  "KI270713.1" chrStart: 3110076416
/home/kathka/.EncircleR/Genome/release-100/Homo_sapiens/fa/Homo_sapiens.GRCh38.dna.primary_assembly.fa : chr # 87  "KI270754.1" chrStart: 3110338560
/home/kathka/.EncircleR/Genome/release-100/Homo_sapiens/fa/Homo_sapiens.GRCh38.dna.primary_assembly.fa : chr # 88  "KI270710.1" chrStart: 3110600704
/home/kathka/.EncircleR/Genome/release-100/Homo_sapiens/fa/Homo_sapiens.GRCh38.dna.primary_assembly.fa : chr # 89  "KI270717.1" chrStart: 3110862848
/home/kathka/.EncircleR/Genome/release-100/Homo_sapiens/fa/Homo_sapiens.GRCh38.dna.primary_assembly.fa : chr # 90  "KI270724.1" chrStart: 3111124992
/home/kathka/.EncircleR/Genome/release-100/Homo_sapiens/fa/Homo_sapiens.GRCh38.dna.primary_assembly.fa : chr # 91  "KI270720.1" chrStart: 3111387136
/home/kathka/.EncircleR/Genome/release-100/Homo_sapiens/fa/Homo_sapiens.GRCh38.dna.primary_assembly.fa : chr # 92  "KI270723.1" chrStart: 3111649280
/home/kathka/.EncircleR/Genome/release-100/Homo_sapiens/fa/Homo_sapiens.GRCh38.dna.primary_assembly.fa : chr # 93  "KI270718.1" chrStart: 3111911424
/home/kathka/.EncircleR/Genome/release-100/Homo_sapiens/fa/Homo_sapiens.GRCh38.dna.primary_assembly.fa : chr # 94  "KI270317.1" chrStart: 3112173568
/home/kathka/.EncircleR/Genome/release-100/Homo_sapiens/fa/Homo_sapiens.GRCh38.dna.primary_assembly.fa : chr # 95  "KI270740.1" chrStart: 3112435712
/home/kathka/.EncircleR/Genome/release-100/Homo_sapiens/fa/Homo_sapiens.GRCh38.dna.primary_assembly.fa : chr # 96  "KI270755.1" chrStart: 3112697856
/home/kathka/.EncircleR/Genome/release-100/Homo_sapiens/fa/Homo_sapiens.GRCh38.dna.primary_assembly.fa : chr # 97  "KI270707.1" chrStart: 3112960000
/home/kathka/.EncircleR/Genome/release-100/Homo_sapiens/fa/Homo_sapiens.GRCh38.dna.primary_assembly.fa : chr # 98  "KI270579.1" chrStart: 3113222144
/home/kathka/.EncircleR/Genome/release-100/Homo_sapiens/fa/Homo_sapiens.GRCh38.dna.primary_assembly.fa : chr # 99  "KI270752.1" chrStart: 3113484288
/home/kathka/.EncircleR/Genome/release-100/Homo_sapiens/fa/Homo_sapiens.GRCh38.dna.primary_assembly.fa : chr # 100  "KI270512.1" chrStart: 3113746432
/home/kathka/.EncircleR/Genome/release-100/Homo_sapiens/fa/Homo_sapiens.GRCh38.dna.primary_assembly.fa : chr # 101  "KI270322.1" chrStart: 3114008576
/home/kathka/.EncircleR/Genome/release-100/Homo_sapiens/fa/Homo_sapiens.GRCh38.dna.primary_assembly.fa : chr # 102  "GL000226.1" chrStart: 3114270720
/home/kathka/.EncircleR/Genome/release-100/Homo_sapiens/fa/Homo_sapiens.GRCh38.dna.primary_assembly.fa : chr # 103  "KI270311.1" chrStart: 3114532864
/home/kathka/.EncircleR/Genome/release-100/Homo_sapiens/fa/Homo_sapiens.GRCh38.dna.primary_assembly.fa : chr # 104  "KI270366.1" chrStart: 3114795008
/home/kathka/.EncircleR/Genome/release-100/Homo_sapiens/fa/Homo_sapiens.GRCh38.dna.primary_assembly.fa : chr # 105  "KI270511.1" chrStart: 3115057152
/home/kathka/.EncircleR/Genome/release-100/Homo_sapiens/fa/Homo_sapiens.GRCh38.dna.primary_assembly.fa : chr # 106  "KI270448.1" chrStart: 3115319296
/home/kathka/.EncircleR/Genome/release-100/Homo_sapiens/fa/Homo_sapiens.GRCh38.dna.primary_assembly.fa : chr # 107  "KI270521.1" chrStart: 3115581440
/home/kathka/.EncircleR/Genome/release-100/Homo_sapiens/fa/Homo_sapiens.GRCh38.dna.primary_assembly.fa : chr # 108  "KI270581.1" chrStart: 3115843584
/home/kathka/.EncircleR/Genome/release-100/Homo_sapiens/fa/Homo_sapiens.GRCh38.dna.primary_assembly.fa : chr # 109  "KI270582.1" chrStart: 3116105728
/home/kathka/.EncircleR/Genome/release-100/Homo_sapiens/fa/Homo_sapiens.GRCh38.dna.primary_assembly.fa : chr # 110  "KI270515.1" chrStart: 3116367872
/home/kathka/.EncircleR/Genome/release-100/Homo_sapiens/fa/Homo_sapiens.GRCh38.dna.primary_assembly.fa : chr # 111  "KI270588.1" chrStart: 3116630016
/home/kathka/.EncircleR/Genome/release-100/Homo_sapiens/fa/Homo_sapiens.GRCh38.dna.primary_assembly.fa : chr # 112  "KI270591.1" chrStart: 3116892160
/home/kathka/.EncircleR/Genome/release-100/Homo_sapiens/fa/Homo_sapiens.GRCh38.dna.primary_assembly.fa : chr # 113  "KI270522.1" chrStart: 3117154304
/home/kathka/.EncircleR/Genome/release-100/Homo_sapiens/fa/Homo_sapiens.GRCh38.dna.primary_assembly.fa : chr # 114  "KI270507.1" chrStart: 3117416448
/home/kathka/.EncircleR/Genome/release-100/Homo_sapiens/fa/Homo_sapiens.GRCh38.dna.primary_assembly.fa : chr # 115  "KI270590.1" chrStart: 3117678592
/home/kathka/.EncircleR/Genome/release-100/Homo_sapiens/fa/Homo_sapiens.GRCh38.dna.primary_assembly.fa : chr # 116  "KI270584.1" chrStart: 3117940736
/home/kathka/.EncircleR/Genome/release-100/Homo_sapiens/fa/Homo_sapiens.GRCh38.dna.primary_assembly.fa : chr # 117  "KI270320.1" chrStart: 3118202880
/home/kathka/.EncircleR/Genome/release-100/Homo_sapiens/fa/Homo_sapiens.GRCh38.dna.primary_assembly.fa : chr # 118  "KI270382.1" chrStart: 3118465024
/home/kathka/.EncircleR/Genome/release-100/Homo_sapiens/fa/Homo_sapiens.GRCh38.dna.primary_assembly.fa : chr # 119  "KI270468.1" chrStart: 3118727168
/home/kathka/.EncircleR/Genome/release-100/Homo_sapiens/fa/Homo_sapiens.GRCh38.dna.primary_assembly.fa : chr # 120  "KI270467.1" chrStart: 3118989312
/home/kathka/.EncircleR/Genome/release-100/Homo_sapiens/fa/Homo_sapiens.GRCh38.dna.primary_assembly.fa : chr # 121  "KI270362.1" chrStart: 3119251456
/home/kathka/.EncircleR/Genome/release-100/Homo_sapiens/fa/Homo_sapiens.GRCh38.dna.primary_assembly.fa : chr # 122  "KI270517.1" chrStart: 3119513600
/home/kathka/.EncircleR/Genome/release-100/Homo_sapiens/fa/Homo_sapiens.GRCh38.dna.primary_assembly.fa : chr # 123  "KI270593.1" chrStart: 3119775744
/home/kathka/.EncircleR/Genome/release-100/Homo_sapiens/fa/Homo_sapiens.GRCh38.dna.primary_assembly.fa : chr # 124  "KI270528.1" chrStart: 3120037888
/home/kathka/.EncircleR/Genome/release-100/Homo_sapiens/fa/Homo_sapiens.GRCh38.dna.primary_assembly.fa : chr # 125  "KI270587.1" chrStart: 3120300032
/home/kathka/.EncircleR/Genome/release-100/Homo_sapiens/fa/Homo_sapiens.GRCh38.dna.primary_assembly.fa : chr # 126  "KI270364.1" chrStart: 3120562176
/home/kathka/.EncircleR/Genome/release-100/Homo_sapiens/fa/Homo_sapiens.GRCh38.dna.primary_assembly.fa : chr # 127  "KI270371.1" chrStart: 3120824320
/home/kathka/.EncircleR/Genome/release-100/Homo_sapiens/fa/Homo_sapiens.GRCh38.dna.primary_assembly.fa : chr # 128  "KI270333.1" chrStart: 3121086464
/home/kathka/.EncircleR/Genome/release-100/Homo_sapiens/fa/Homo_sapiens.GRCh38.dna.primary_assembly.fa : chr # 129  "KI270374.1" chrStart: 3121348608
/home/kathka/.EncircleR/Genome/release-100/Homo_sapiens/fa/Homo_sapiens.GRCh38.dna.primary_assembly.fa : chr # 130  "KI270411.1" chrStart: 3121610752
/home/kathka/.EncircleR/Genome/release-100/Homo_sapiens/fa/Homo_sapiens.GRCh38.dna.primary_assembly.fa : chr # 131  "KI270414.1" chrStart: 3121872896
/home/kathka/.EncircleR/Genome/release-100/Homo_sapiens/fa/Homo_sapiens.GRCh38.dna.primary_assembly.fa : chr # 132  "KI270510.1" chrStart: 3122135040
/home/kathka/.EncircleR/Genome/release-100/Homo_sapiens/fa/Homo_sapiens.GRCh38.dna.primary_assembly.fa : chr # 133  "KI270390.1" chrStart: 3122397184
/home/kathka/.EncircleR/Genome/release-100/Homo_sapiens/fa/Homo_sapiens.GRCh38.dna.primary_assembly.fa : chr # 134  "KI270375.1" chrStart: 3122659328
/home/kathka/.EncircleR/Genome/release-100/Homo_sapiens/fa/Homo_sapiens.GRCh38.dna.primary_assembly.fa : chr # 135  "KI270420.1" chrStart: 3122921472
/home/kathka/.EncircleR/Genome/release-100/Homo_sapiens/fa/Homo_sapiens.GRCh38.dna.primary_assembly.fa : chr # 136  "KI270509.1" chrStart: 3123183616
/home/kathka/.EncircleR/Genome/release-100/Homo_sapiens/fa/Homo_sapiens.GRCh38.dna.primary_assembly.fa : chr # 137  "KI270315.1" chrStart: 3123445760
/home/kathka/.EncircleR/Genome/release-100/Homo_sapiens/fa/Homo_sapiens.GRCh38.dna.primary_assembly.fa : chr # 138  "KI270302.1" chrStart: 3123707904
/home/kathka/.EncircleR/Genome/release-100/Homo_sapiens/fa/Homo_sapiens.GRCh38.dna.primary_assembly.fa : chr # 139  "KI270518.1" chrStart: 3123970048
/home/kathka/.EncircleR/Genome/release-100/Homo_sapiens/fa/Homo_sapiens.GRCh38.dna.primary_assembly.fa : chr # 140  "KI270530.1" chrStart: 3124232192
/home/kathka/.EncircleR/Genome/release-100/Homo_sapiens/fa/Homo_sapiens.GRCh38.dna.primary_assembly.fa : chr # 141  "KI270304.1" chrStart: 3124494336
/home/kathka/.EncircleR/Genome/release-100/Homo_sapiens/fa/Homo_sapiens.GRCh38.dna.primary_assembly.fa : chr # 142  "KI270418.1" chrStart: 3124756480
/home/kathka/.EncircleR/Genome/release-100/Homo_sapiens/fa/Homo_sapiens.GRCh38.dna.primary_assembly.fa : chr # 143  "KI270424.1" chrStart: 3125018624
/home/kathka/.EncircleR/Genome/release-100/Homo_sapiens/fa/Homo_sapiens.GRCh38.dna.primary_assembly.fa : chr # 144  "KI270417.1" chrStart: 3125280768
/home/kathka/.EncircleR/Genome/release-100/Homo_sapiens/fa/Homo_sapiens.GRCh38.dna.primary_assembly.fa : chr # 145  "KI270508.1" chrStart: 3125542912
/home/kathka/.EncircleR/Genome/release-100/Homo_sapiens/fa/Homo_sapiens.GRCh38.dna.primary_assembly.fa : chr # 146  "KI270303.1" chrStart: 3125805056
/home/kathka/.EncircleR/Genome/release-100/Homo_sapiens/fa/Homo_sapiens.GRCh38.dna.primary_assembly.fa : chr # 147  "KI270381.1" chrStart: 3126067200
/home/kathka/.EncircleR/Genome/release-100/Homo_sapiens/fa/Homo_sapiens.GRCh38.dna.primary_assembly.fa : chr # 148  "KI270529.1" chrStart: 3126329344
/home/kathka/.EncircleR/Genome/release-100/Homo_sapiens/fa/Homo_sapiens.GRCh38.dna.primary_assembly.fa : chr # 149  "KI270425.1" chrStart: 3126591488
/home/kathka/.EncircleR/Genome/release-100/Homo_sapiens/fa/Homo_sapiens.GRCh38.dna.primary_assembly.fa : chr # 150  "KI270396.1" chrStart: 3126853632
/home/kathka/.EncircleR/Genome/release-100/Homo_sapiens/fa/Homo_sapiens.GRCh38.dna.primary_assembly.fa : chr # 151  "KI270363.1" chrStart: 3127115776
/home/kathka/.EncircleR/Genome/release-100/Homo_sapiens/fa/Homo_sapiens.GRCh38.dna.primary_assembly.fa : chr # 152  "KI270386.1" chrStart: 3127377920
/home/kathka/.EncircleR/Genome/release-100/Homo_sapiens/fa/Homo_sapiens.GRCh38.dna.primary_assembly.fa : chr # 153  "KI270465.1" chrStart: 3127640064
/home/kathka/.EncircleR/Genome/release-100/Homo_sapiens/fa/Homo_sapiens.GRCh38.dna.primary_assembly.fa : chr # 154  "KI270383.1" chrStart: 3127902208
/home/kathka/.EncircleR/Genome/release-100/Homo_sapiens/fa/Homo_sapiens.GRCh38.dna.primary_assembly.fa : chr # 155  "KI270384.1" chrStart: 3128164352
/home/kathka/.EncircleR/Genome/release-100/Homo_sapiens/fa/Homo_sapiens.GRCh38.dna.primary_assembly.fa : chr # 156  "KI270330.1" chrStart: 3128426496
/home/kathka/.EncircleR/Genome/release-100/Homo_sapiens/fa/Homo_sapiens.GRCh38.dna.primary_assembly.fa : chr # 157  "KI270372.1" chrStart: 3128688640
/home/kathka/.EncircleR/Genome/release-100/Homo_sapiens/fa/Homo_sapiens.GRCh38.dna.primary_assembly.fa : chr # 158  "KI270548.1" chrStart: 3128950784
/home/kathka/.EncircleR/Genome/release-100/Homo_sapiens/fa/Homo_sapiens.GRCh38.dna.primary_assembly.fa : chr # 159  "KI270580.1" chrStart: 3129212928
/home/kathka/.EncircleR/Genome/release-100/Homo_sapiens/fa/Homo_sapiens.GRCh38.dna.primary_assembly.fa : chr # 160  "KI270387.1" chrStart: 3129475072
/home/kathka/.EncircleR/Genome/release-100/Homo_sapiens/fa/Homo_sapiens.GRCh38.dna.primary_assembly.fa : chr # 161  "KI270391.1" chrStart: 3129737216
/home/kathka/.EncircleR/Genome/release-100/Homo_sapiens/fa/Homo_sapiens.GRCh38.dna.primary_assembly.fa : chr # 162  "KI270305.1" chrStart: 3129999360
/home/kathka/.EncircleR/Genome/release-100/Homo_sapiens/fa/Homo_sapiens.GRCh38.dna.primary_assembly.fa : chr # 163  "KI270373.1" chrStart: 3130261504
/home/kathka/.EncircleR/Genome/release-100/Homo_sapiens/fa/Homo_sapiens.GRCh38.dna.primary_assembly.fa : chr # 164  "KI270422.1" chrStart: 3130523648
/home/kathka/.EncircleR/Genome/release-100/Homo_sapiens/fa/Homo_sapiens.GRCh38.dna.primary_assembly.fa : chr # 165  "KI270316.1" chrStart: 3130785792
/home/kathka/.EncircleR/Genome/release-100/Homo_sapiens/fa/Homo_sapiens.GRCh38.dna.primary_assembly.fa : chr # 166  "KI270340.1" chrStart: 3131047936
/home/kathka/.EncircleR/Genome/release-100/Homo_sapiens/fa/Homo_sapiens.GRCh38.dna.primary_assembly.fa : chr # 167  "KI270338.1" chrStart: 3131310080
/home/kathka/.EncircleR/Genome/release-100/Homo_sapiens/fa/Homo_sapiens.GRCh38.dna.primary_assembly.fa : chr # 168  "KI270583.1" chrStart: 3131572224
/home/kathka/.EncircleR/Genome/release-100/Homo_sapiens/fa/Homo_sapiens.GRCh38.dna.primary_assembly.fa : chr # 169  "KI270334.1" chrStart: 3131834368
/home/kathka/.EncircleR/Genome/release-100/Homo_sapiens/fa/Homo_sapiens.GRCh38.dna.primary_assembly.fa : chr # 170  "KI270429.1" chrStart: 3132096512
/home/kathka/.EncircleR/Genome/release-100/Homo_sapiens/fa/Homo_sapiens.GRCh38.dna.primary_assembly.fa : chr # 171  "KI270393.1" chrStart: 3132358656
/home/kathka/.EncircleR/Genome/release-100/Homo_sapiens/fa/Homo_sapiens.GRCh38.dna.primary_assembly.fa : chr # 172  "KI270516.1" chrStart: 3132620800
/home/kathka/.EncircleR/Genome/release-100/Homo_sapiens/fa/Homo_sapiens.GRCh38.dna.primary_assembly.fa : chr # 173  "KI270389.1" chrStart: 3132882944
/home/kathka/.EncircleR/Genome/release-100/Homo_sapiens/fa/Homo_sapiens.GRCh38.dna.primary_assembly.fa : chr # 174  "KI270466.1" chrStart: 3133145088
/home/kathka/.EncircleR/Genome/release-100/Homo_sapiens/fa/Homo_sapiens.GRCh38.dna.primary_assembly.fa : chr # 175  "KI270388.1" chrStart: 3133407232
/home/kathka/.EncircleR/Genome/release-100/Homo_sapiens/fa/Homo_sapiens.GRCh38.dna.primary_assembly.fa : chr # 176  "KI270544.1" chrStart: 3133669376
/home/kathka/.EncircleR/Genome/release-100/Homo_sapiens/fa/Homo_sapiens.GRCh38.dna.primary_assembly.fa : chr # 177  "KI270310.1" chrStart: 3133931520
/home/kathka/.EncircleR/Genome/release-100/Homo_sapiens/fa/Homo_sapiens.GRCh38.dna.primary_assembly.fa : chr # 178  "KI270412.1" chrStart: 3134193664
/home/kathka/.EncircleR/Genome/release-100/Homo_sapiens/fa/Homo_sapiens.GRCh38.dna.primary_assembly.fa : chr # 179  "KI270395.1" chrStart: 3134455808
/home/kathka/.EncircleR/Genome/release-100/Homo_sapiens/fa/Homo_sapiens.GRCh38.dna.primary_assembly.fa : chr # 180  "KI270376.1" chrStart: 3134717952
/home/kathka/.EncircleR/Genome/release-100/Homo_sapiens/fa/Homo_sapiens.GRCh38.dna.primary_assembly.fa : chr # 181  "KI270337.1" chrStart: 3134980096
/home/kathka/.EncircleR/Genome/release-100/Homo_sapiens/fa/Homo_sapiens.GRCh38.dna.primary_assembly.fa : chr # 182  "KI270335.1" chrStart: 3135242240
/home/kathka/.EncircleR/Genome/release-100/Homo_sapiens/fa/Homo_sapiens.GRCh38.dna.primary_assembly.fa : chr # 183  "KI270378.1" chrStart: 3135504384
/home/kathka/.EncircleR/Genome/release-100/Homo_sapiens/fa/Homo_sapiens.GRCh38.dna.primary_assembly.fa : chr # 184  "KI270379.1" chrStart: 3135766528
/home/kathka/.EncircleR/Genome/release-100/Homo_sapiens/fa/Homo_sapiens.GRCh38.dna.primary_assembly.fa : chr # 185  "KI270329.1" chrStart: 3136028672
/home/kathka/.EncircleR/Genome/release-100/Homo_sapiens/fa/Homo_sapiens.GRCh38.dna.primary_assembly.fa : chr # 186  "KI270419.1" chrStart: 3136290816
/home/kathka/.EncircleR/Genome/release-100/Homo_sapiens/fa/Homo_sapiens.GRCh38.dna.primary_assembly.fa : chr # 187  "KI270336.1" chrStart: 3136552960
/home/kathka/.EncircleR/Genome/release-100/Homo_sapiens/fa/Homo_sapiens.GRCh38.dna.primary_assembly.fa : chr # 188  "KI270312.1" chrStart: 3136815104
/home/kathka/.EncircleR/Genome/release-100/Homo_sapiens/fa/Homo_sapiens.GRCh38.dna.primary_assembly.fa : chr # 189  "KI270539.1" chrStart: 3137077248
/home/kathka/.EncircleR/Genome/release-100/Homo_sapiens/fa/Homo_sapiens.GRCh38.dna.primary_assembly.fa : chr # 190  "KI270385.1" chrStart: 3137339392
/home/kathka/.EncircleR/Genome/release-100/Homo_sapiens/fa/Homo_sapiens.GRCh38.dna.primary_assembly.fa : chr # 191  "KI270423.1" chrStart: 3137601536
/home/kathka/.EncircleR/Genome/release-100/Homo_sapiens/fa/Homo_sapiens.GRCh38.dna.primary_assembly.fa : chr # 192  "KI270392.1" chrStart: 3137863680
/home/kathka/.EncircleR/Genome/release-100/Homo_sapiens/fa/Homo_sapiens.GRCh38.dna.primary_assembly.fa : chr # 193  "KI270394.1" chrStart: 3138125824
Estimated genome size=3337387968   3138387968   199000000
GstrandBit=32
Number of SA indices: 5891698134
Sep 15 16:50:07 ... starting to sort Suffix Array. This may take a long time...
Number of chunks: 24;   chunks size limit: 2119131768 bytes
Sep 15 16:50:19 ... sorting Suffix Array chunks and saving them to disk...
Writing 2034860952 bytes into /home/kathka/.EncircleR/Genome/release-100/Homo_sapiens/STAR/SA_4 ; empty space on disk = 120385699840 bytes ... done
Writing 2033390848 bytes into /home/kathka/.EncircleR/Genome/release-100/Homo_sapiens/STAR/SA_6 ; empty space on disk = 118802657280 bytes ... done
Writing 1939557464 bytes into /home/kathka/.EncircleR/Genome/release-100/Homo_sapiens/STAR/SA_2 ; empty space on disk = 117862633472 bytes ... done
Writing 2103696024 bytes into /home/kathka/.EncircleR/Genome/release-100/Homo_sapiens/STAR/SA_0 ; empty space on disk = 116387061760 bytes ... done
Writing 1895350056 bytes into /home/kathka/.EncircleR/Genome/release-100/Homo_sapiens/STAR/SA_1 ; empty space on disk = 115134627840 bytes ... done
Writing 2042657328 bytes into /home/kathka/.EncircleR/Genome/release-100/Homo_sapiens/STAR/SA_5 ; empty space on disk = 113664438272 bytes ... done
Writing 1887171616 bytes into /home/kathka/.EncircleR/Genome/release-100/Homo_sapiens/STAR/SA_3 ; empty space on disk = 111984779264 bytes ... done
Writing 1983414408 bytes into /home/kathka/.EncircleR/Genome/release-100/Homo_sapiens/STAR/SA_8 ; empty space on disk = 109560827904 bytes ... done
Writing 2104387112 bytes into /home/kathka/.EncircleR/Genome/release-100/Homo_sapiens/STAR/SA_9 ; empty space on disk = 108307931136 bytes ... done
Writing 1952764408 bytes into /home/kathka/.EncircleR/Genome/release-100/Homo_sapiens/STAR/SA_12 ; empty space on disk = 106973130752 bytes ... done
Writing 1974239608 bytes into /home/kathka/.EncircleR/Genome/release-100/Homo_sapiens/STAR/SA_13 ; empty space on disk = 105548222464 bytes ... done
Writing 2097918400 bytes into /home/kathka/.EncircleR/Genome/release-100/Homo_sapiens/STAR/SA_7 ; empty space on disk = 104298213376 bytes ... done
Writing 1993070760 bytes into /home/kathka/.EncircleR/Genome/release-100/Homo_sapiens/STAR/SA_10 ; empty space on disk = 101704060928 bytes ... done
Writing 1948988560 bytes into /home/kathka/.EncircleR/Genome/release-100/Homo_sapiens/STAR/SA_11 ; empty space on disk = 101078728704 bytes ... done
Writing 2006214632 bytes into /home/kathka/.EncircleR/Genome/release-100/Homo_sapiens/STAR/SA_14 ; empty space on disk = 98649710592 bytes ... done
Writing 2029646920 bytes into /home/kathka/.EncircleR/Genome/release-100/Homo_sapiens/STAR/SA_17 ; empty space on disk = 98649710592 bytes ...Writing 1991694208 bytes into /home/kathka/.EncircleR/Genome/release-100/Homo_sapiens/STAR/SA_15 ; empty space on disk = 98649710592 bytes ... done
 done
Writing 1940490656 bytes into /home/kathka/.EncircleR/Genome/release-100/Homo_sapiens/STAR/SA_20 ; empty space on disk = 94680412160 bytes ... done
Writing 1899247136 bytes into /home/kathka/.EncircleR/Genome/release-100/Homo_sapiens/STAR/SA_16 ; empty space on disk = 93117296640 bytes ... done
Writing 1978493552 bytes into /home/kathka/.EncircleR/Genome/release-100/Homo_sapiens/STAR/SA_19 ; empty space on disk = 90967212032 bytes ... done
Writing 2112316224 bytes into /home/kathka/.EncircleR/Genome/release-100/Homo_sapiens/STAR/SA_18 ; empty space on disk = 90342989824 bytes ... done
Writing 1073974872 bytes into /home/kathka/.EncircleR/Genome/release-100/Homo_sapiens/STAR/SA_23 ; empty space on disk = 88807841792 bytes ... done
Writing 2095077704 bytes into /home/kathka/.EncircleR/Genome/release-100/Homo_sapiens/STAR/SA_21 ; empty space on disk = 86956023808 bytes ... done
Writing 2014961624 bytes into /home/kathka/.EncircleR/Genome/release-100/Homo_sapiens/STAR/SA_22 ; empty space on disk = 86956023808 bytes ... done
Sep 15 17:49:33 ... loading chunks from disk, packing SA...
Sep 15 17:51:12 ... finished generating suffix array
Sep 15 17:51:12 ... generating Suffix Array index
Sep 15 17:54:29 ... completed Suffix Array index
Sep 15 17:54:29 ..... processing annotations GTF
Processing pGe.sjdbGTFfile=/home/kathka/.EncircleR/Genome/release-100/Homo_sapiens/gtf/Homo_sapiens.GRCh38.100.gtf, found:
		227954 transcripts
		1378275 exons (non-collapsed)
		383510 collapsed junctions
Sep 15 17:54:42 ..... finished GTF processing
Sep 15 17:54:42   Loaded database junctions from the GTF file: /home/kathka/.EncircleR/Genome/release-100/Homo_sapiens/gtf/Homo_sapiens.GRCh38.100.gtf: 383510 total junctions

WARNING: long repeat for junction # 126463 : 15 88855522 88855578; left shift = 14; right shift = 255
Sep 15 17:54:43   Finished preparing junctions
Sep 15 17:54:43 ..... inserting junctions into the genome indices
